TN:
SF:src/components/CopyButton.vue
FN:16,copy
FN:20,(anonymous_1)
FN:23,(anonymous_2)
FNF:3
FNH:3
FNDA:5,copy
FNDA:1,(anonymous_1)
FNDA:317,(anonymous_2)
DA:4,686
DA:13,686
DA:17,5
DA:18,5
DA:19,5
DA:20,5
DA:23,686
DA:27,692
LF:8
LH:8
BRDA:30,0,0,5
BRDA:30,0,1,687
BRDA:33,1,0,23
BRDA:33,1,1,669
BRDA:38,2,0,687
BRDA:38,2,1,5
BRDA:40,3,0,687
BRDA:40,3,1,686
BRDA:42,4,0,5
BRDA:42,4,1,5
BRDA:48,5,0,5
BRDA:48,5,1,687
BRF:12
BRH:12
end_of_record
TN:
SF:src/components/CountryTraffic.vue
FN:14,(anonymous_0)
FN:23,flagEmoji
FN:27,(anonymous_2)
FN:31,countryName
FN:40,(anonymous_4)
FN:42,(anonymous_5)
FN:42,(anonymous_6)
FN:44,failPct
FN:57,(anonymous_8)
FNF:9
FNH:9
FNDA:16,(anonymous_0)
FNDA:9,flagEmoji
FNDA:12,(anonymous_2)
FNDA:18,countryName
FNDA:27,(anonymous_4)
FNDA:4,(anonymous_5)
FNDA:9,(anonymous_6)
FNDA:18,failPct
FNDA:9,(anonymous_8)
DA:5,16
DA:14,16
DA:15,16
DA:16,16
DA:18,0
DA:24,9
DA:25,6
DA:26,6
DA:27,12
DA:32,18
DA:33,12
DA:34,12
DA:36,0
DA:40,27
DA:42,16
DA:45,18
DA:50,27
DA:51,2
DA:52,2
DA:57,9
DA:61,2
DA:62,2
DA:63,2
DA:64,2
DA:66,2
LF:25
LH:23
BRDA:24,0,0,3
BRDA:24,0,1,6
BRDA:24,1,0,9
BRDA:24,1,1,6
BRDA:24,1,2,6
BRDA:27,2,0,12
BRDA:27,2,1,0
BRDA:32,3,0,6
BRDA:32,3,1,12
BRDA:34,4,0,12
BRDA:34,4,1,0
BRDA:42,5,0,4
BRDA:42,5,1,0
BRDA:45,6,0,0
BRDA:45,6,1,18
BRDA:53,7,0,27
BRDA:53,7,1,16
BRDA:56,8,0,4
BRDA:56,8,1,23
BRDA:57,9,0,9
BRDA:57,9,1,3
BRDA:81,10,0,3
BRDA:81,10,1,6
BRF:23
BRH:19
end_of_record
TN:
SF:src/components/Footer.vue
FN:18,(anonymous_0)
FN:19,(anonymous_1)
FNF:2
FNH:2
FNDA:8,(anonymous_0)
FNDA:8,(anonymous_1)
DA:6,7
DA:10,7
DA:11,7
DA:13,1
DA:18,7
DA:19,8
DA:21,8
DA:28,9
DA:30,1
LF:9
LH:9
BRDA:19,0,0,8
BRDA:19,0,1,6
BRDA:21,1,0,3
BRDA:21,1,1,5
BRDA:33,2,0,9
BRDA:33,2,1,7
BRDA:41,3,0,3
BRDA:41,3,1,6
BRDA:41,4,0,9
BRDA:41,4,1,7
BRDA:41,4,2,4
BRDA:50,5,0,9
BRDA:50,5,1,7
BRF:13
BRH:13
end_of_record
TN:
SF:src/components/HISCalibrationPanel.vue
FN:11,(anonymous_0)
FN:19,(anonymous_1)
FN:19,(anonymous_2)
FN:21,(anonymous_3)
FN:26,barClass
FN:63,(anonymous_5)
FNF:6
FNH:6
FNDA:2,(anonymous_0)
FNDA:1,(anonymous_1)
FNDA:10,(anonymous_2)
FNDA:1,(anonymous_3)
FNDA:10,barClass
FNDA:10,(anonymous_5)
DA:5,2
DA:7,2
DA:8,2
DA:9,2
DA:11,2
DA:12,2
DA:13,2
DA:15,2
DA:19,10
DA:21,2
DA:22,1
DA:23,1
DA:27,10
DA:32,4
DA:45,2
DA:48,2
DA:52,2
DA:56,2
DA:61,2
DA:62,10
DA:68,2
DA:76,2
DA:78,2
LF:23
LH:23
BRDA:19,0,0,1
BRDA:19,0,1,0
BRDA:19,1,0,1
BRDA:19,1,1,0
BRDA:22,2,0,0
BRDA:22,2,1,1
BRDA:22,3,0,1
BRDA:22,3,1,1
BRDA:27,4,0,2
BRDA:27,4,1,8
BRDA:33,5,0,4
BRDA:33,5,1,2
BRDA:37,6,0,4
BRDA:37,6,1,2
BRDA:42,7,0,2
BRDA:42,7,1,2
BRDA:44,8,0,1
BRDA:44,8,1,1
BRDA:44,9,0,2
BRDA:44,9,1,2
BRDA:47,10,0,1
BRDA:47,10,1,1
BRDA:51,11,0,1
BRDA:51,11,1,1
BRDA:52,12,0,1
BRDA:52,12,1,1
BRDA:55,13,0,1
BRDA:55,13,1,1
BRDA:56,14,0,1
BRDA:56,14,1,1
BRDA:68,15,0,10
BRDA:68,15,1,1
BRDA:77,16,0,1
BRDA:77,16,1,1
BRDA:79,17,0,1
BRDA:79,17,1,1
BRDA:85,18,0,1
BRDA:85,18,1,1
BRF:38
BRH:35
end_of_record
TN:
SF:src/components/MCPTokensPanel.vue
FN:17,(anonymous_0)
FN:21,toggleMCP
FN:32,createToken
FN:47,revokeToken
FN:57,formatDate
FN:104,(anonymous_5)
FN:112,(anonymous_6)
FN:119,(anonymous_7)
FN:147,(anonymous_8)
FN:164,(anonymous_9)
FNF:10
FNH:10
FNDA:21,(anonymous_0)
FNDA:2,toggleMCP
FNDA:5,createToken
FNDA:2,revokeToken
FNDA:68,formatDate
FNDA:1,(anonymous_5)
FNDA:5,(anonymous_6)
FNDA:1,(anonymous_7)
FNDA:68,(anonymous_8)
FNDA:2,(anonymous_9)
DA:7,21
DA:8,21
DA:10,21
DA:11,21
DA:12,21
DA:13,21
DA:15,21
DA:17,21
DA:18,21
DA:22,2
DA:23,2
DA:24,2
DA:25,2
DA:27,1
DA:28,1
DA:33,5
DA:34,4
DA:35,4
DA:36,4
DA:37,4
DA:38,3
DA:39,3
DA:41,1
DA:43,4
DA:48,2
DA:49,1
DA:50,1
DA:51,1
DA:53,0
DA:58,68
DA:59,34
DA:64,87
DA:80,2
DA:100,2
DA:101,2
DA:104,1
DA:108,2
DA:112,5
DA:118,2
DA:119,1
DA:146,2
DA:147,68
DA:148,2
DA:149,2
DA:150,2
DA:158,2
DA:159,2
DA:164,2
LF:48
LH:47
BRDA:33,0,0,1
BRDA:33,0,1,4
BRDA:48,1,0,1
BRDA:48,1,1,1
BRDA:58,2,0,34
BRDA:58,2,1,34
BRDA:65,3,0,87
BRDA:65,3,1,21
BRDA:67,4,0,3
BRDA:67,4,1,84
BRDA:73,5,0,87
BRDA:73,5,1,21
BRDA:89,6,0,87
BRDA:89,6,1,21
BRDA:98,7,0,3
BRDA:99,8,0,3
BRDA:99,8,1,3
BRDA:104,9,0,3
BRDA:104,9,1,3
BRDA:109,10,0,87
BRDA:109,10,1,21
BRDA:112,11,0,87
BRDA:112,11,1,21
BRDA:119,12,0,87
BRDA:119,12,1,21
BRDA:119,13,0,87
BRDA:119,13,1,21
BRDA:124,14,0,87
BRDA:124,14,1,80
BRDA:127,15,0,7
BRDA:127,15,1,80
BRDA:131,16,0,32
BRDA:131,16,1,55
BRDA:131,17,0,87
BRDA:131,17,1,53
BRDA:136,18,0,34
BRDA:137,19,0,34
BRDA:137,19,1,12
BRDA:152,20,0,34
BRDA:152,20,1,34
BRDA:155,21,0,34
BRDA:155,21,1,34
BRF:42
BRH:42
end_of_record
TN:
SF:src/components/StatsChart.vue
FN:23,(anonymous_0)
FN:24,(anonymous_1)
FN:26,(anonymous_2)
FN:30,(anonymous_3)
FN:38,(anonymous_4)
FN:46,(anonymous_5)
FNF:6
FNH:0
FNDA:0,(anonymous_0)
FNDA:0,(anonymous_1)
FNDA:0,(anonymous_2)
FNDA:0,(anonymous_3)
FNDA:0,(anonymous_4)
FNDA:0,(anonymous_5)
DA:17,0
DA:19,0
DA:23,0
DA:24,0
DA:25,0
DA:26,0
DA:30,0
DA:38,0
DA:46,0
DA:56,0
DA:76,0
LF:11
LH:0
BRF:0
BRH:0
end_of_record
TN:
SF:src/lib/api.ts
FN:5,(anonymous_0)
FN:13,(anonymous_1)
FN:14,(anonymous_2)
FNF:3
FNH:3
FNDA:2,(anonymous_0)
FNDA:1,(anonymous_1)
FNDA:2,(anonymous_2)
DA:3,6
DA:5,6
DA:6,2
DA:7,2
DA:8,1
DA:10,2
DA:13,6
DA:14,1
DA:16,2
DA:17,1
DA:18,1
DA:20,2
LF:12
LH:12
BRDA:7,0,0,1
BRDA:7,0,1,1
BRDA:16,1,0,1
BRDA:16,1,1,1
BRF:4
BRH:4
end_of_record
TN:
SF:src/lib/his-embed.ts
FN:25,ensureCollector
FN:35,isProtectedForm
FN:39,writeSignals
FN:50,handleSubmit
FN:57,install
FN:64,(anonymous_5)
FN:65,(anonymous_6)
FNF:7
FNH:7
FNDA:6,ensureCollector
FNDA:7,isProtectedForm
FNDA:3,writeSignals
FNDA:5,handleSubmit
FNDA:2,install
FNDA:1,(anonymous_5)
FNDA:1,(anonymous_6)
DA:21,1
DA:23,1
DA:26,6
DA:27,6
DA:36,7
DA:40,3
DA:41,3
DA:42,2
DA:43,2
DA:44,2
DA:45,2
DA:47,3
DA:51,5
DA:52,5
DA:53,3
DA:60,2
DA:61,2
DA:63,2
DA:64,1
DA:65,1
DA:82,1
LF:21
LH:21
BRDA:41,0,0,2
BRDA:41,0,1,1
BRDA:52,1,0,3
BRDA:52,1,1,2
BRDA:52,2,0,5
BRDA:52,2,1,4
BRF:6
BRH:6
end_of_record
TN:
SF:src/lib/his.ts
FN:26,stdevOfIntervals
FN:30,(anonymous_1)
FN:31,(anonymous_2)
FN:39,startHISCollector
FN:51,(anonymous_4)
FN:55,(anonymous_5)
FN:65,(anonymous_6)
FN:69,(anonymous_7)
FN:73,(anonymous_8)
FN:86,(anonymous_9)
FN:95,(anonymous_10)
FNF:11
FNH:11
FNDA:10,stdevOfIntervals
FNDA:1,(anonymous_1)
FNDA:1,(anonymous_2)
FNDA:12,startHISCollector
FNDA:7,(anonymous_4)
FNDA:3,(anonymous_5)
FNDA:1,(anonymous_6)
FNDA:1,(anonymous_7)
FNDA:2,(anonymous_8)
FNDA:5,(anonymous_9)
FNDA:10,(anonymous_10)
DA:27,10
DA:28,1
DA:29,1
DA:30,1
DA:31,1
DA:32,1
DA:40,12
DA:41,12
DA:42,12
DA:43,12
DA:44,12
DA:45,12
DA:46,12
DA:47,12
DA:48,12
DA:49,12
DA:51,12
DA:52,7
DA:55,12
DA:56,3
DA:57,3
DA:58,3
DA:59,3
DA:60,2
DA:62,3
DA:63,3
DA:65,12
DA:66,1
DA:67,1
DA:69,12
DA:70,1
DA:71,1
DA:73,12
DA:74,2
DA:75,2
DA:76,2
DA:79,12
DA:80,12
DA:81,12
DA:82,12
DA:83,12
DA:85,12
DA:86,12
DA:87,5
DA:88,5
DA:89,5
DA:90,5
DA:91,5
DA:92,5
DA:95,12
DA:106,12
LF:51
LH:51
BRDA:27,0,0,9
BRDA:27,0,1,1
BRDA:39,1,0,12
BRDA:52,2,0,2
BRDA:52,2,1,5
BRDA:59,3,0,2
BRDA:59,3,1,1
BRDA:87,4,0,0
BRDA:87,4,1,5
BRDA:97,5,0,8
BRDA:97,5,1,2
BRF:11
BRH:10
end_of_record
TN:
SF:src/stores/apikeys.ts
FN:22,rotateSecret
FN:27,(anonymous_1)
FN:31,fetchKeys
FN:41,createKey
FN:47,getKey
FN:52,updateKey
FN:58,deleteKey
FNF:7
FNH:7
FNDA:2,rotateSecret
FNDA:63,(anonymous_1)
FNDA:46,fetchKeys
FNDA:5,createKey
FNDA:16,getKey
FNDA:3,updateKey
FNDA:2,deleteKey
DA:23,2
DA:24,2
DA:27,4
DA:28,63
DA:29,63
DA:32,46
DA:33,46
DA:34,46
DA:35,45
DA:37,46
DA:42,5
DA:43,4
DA:44,4
DA:48,16
DA:49,15
DA:53,3
DA:54,3
DA:55,3
DA:59,2
DA:60,2
DA:63,63
LF:21
LH:21
BRF:0
BRH:0
end_of_record
TN:
SF:src/stores/auth.ts
FN:6,(anonymous_0)
FN:8,(anonymous_1)
FN:11,login
FN:24,logout
FN:32,fetchVersion
FN:42,checkAuth
FNF:6
FNH:6
FNDA:21,(anonymous_0)
FNDA:11,(anonymous_1)
FNDA:4,login
FNDA:2,logout
FNDA:3,fetchVersion
FNDA:2,checkAuth
DA:6,3
DA:7,21
DA:8,21
DA:9,21
DA:12,4
DA:13,4
DA:14,1
DA:16,4
DA:17,2
DA:19,4
DA:20,3
DA:21,3
DA:25,2
DA:26,2
DA:27,2
DA:33,3
DA:34,1
DA:35,1
DA:36,1
DA:38,0
DA:43,2
DA:44,2
DA:45,1
DA:47,1
DA:48,1
DA:52,21
LF:26
LH:25
BRDA:7,0,0,21
BRDA:7,0,1,15
BRDA:13,1,0,1
BRDA:13,1,1,3
BRDA:16,2,0,2
BRDA:16,2,1,2
BRDA:33,3,0,2
BRDA:33,3,1,1
BRDA:36,4,0,1
BRDA:36,4,1,0
BRF:10
BRH:9
end_of_record
TN:
SF:src/stores/mcptokens.ts
FN:14,(anonymous_0)
FN:18,fetchTokens
FN:31,createToken
FN:37,revokeToken
FNF:4
FNH:4
FNDA:21,(anonymous_0)
FNDA:25,fetchTokens
FNDA:4,createToken
FNDA:1,revokeToken
DA:14,2
DA:15,21
DA:16,21
DA:19,25
DA:20,25
DA:21,25
DA:24,25
DA:26,25
DA:32,4
DA:33,3
DA:34,3
DA:38,1
DA:39,1
DA:42,21
LF:14
LH:14
BRDA:24,0,0,25
BRDA:24,0,1,8
BRF:2
BRH:2
end_of_record
TN:
SF:src/stores/settings.ts
FN:10,(anonymous_0)
FN:14,fetchSettings
FN:24,updateSettings
FNF:3
FNH:3
FNDA:26,(anonymous_0)
FNDA:12,fetchSettings
FNDA:6,updateSettings
DA:10,3
DA:11,26
DA:12,26
DA:15,12
DA:16,12
DA:17,12
DA:18,11
DA:20,12
DA:25,6
DA:26,4
DA:29,26
LF:11
LH:11
BRF:0
BRH:0
end_of_record
TN:
SF:src/stores/stats.ts
FN:61,fetchHISCalibration
FN:68,(anonymous_1)
FN:74,fetchOverview
FN:79,fetchKeyStats
FN:85,fetchKeysSummary
FNF:5
FNH:5
FNDA:2,fetchHISCalibration
FNDA:55,(anonymous_1)
FNDA:2,fetchOverview
FNDA:13,fetchKeyStats
FNDA:36,fetchKeysSummary
DA:62,2
DA:63,2
DA:64,2
DA:65,2
DA:68,4
DA:69,55
DA:70,55
DA:71,55
DA:72,55
DA:75,2
DA:76,2
DA:80,13
DA:81,13
DA:82,13
DA:86,36
DA:87,36
DA:90,55
LF:17
LH:17
BRDA:61,0,0,2
BRDA:63,1,0,2
BRDA:63,1,1,0
BRDA:74,2,0,2
BRDA:79,3,0,13
BRDA:82,4,0,13
BRDA:82,4,1,13
BRF:7
BRH:6
end_of_record
TN:
SF:src/views/ApiKeyDetailView.vue
FN:20,(anonymous_0)
FN:22,(anonymous_1)
FN:25,(anonymous_2)
FN:29,(anonymous_3)
FN:34,handleDelete
FN:39,handleRotateSecret
FN:47,toggleEnabled
FN:53,(anonymous_7)
FN:55,(anonymous_8)
FN:60,(anonymous_9)
FN:76,(anonymous_10)
FN:80,(anonymous_11)
FN:81,(anonymous_12)
FN:82,(anonymous_13)
FN:90,(anonymous_14)
FN:97,(anonymous_15)
FN:100,(anonymous_16)
FN:122,(anonymous_17)
FN:140,(anonymous_18)
FN:242,(anonymous_19)
FNF:20
FNH:16
FNDA:12,(anonymous_0)
FNDA:12,(anonymous_1)
FNDA:12,(anonymous_2)
FNDA:12,(anonymous_3)
FNDA:1,handleDelete
FNDA:2,handleRotateSecret
FNDA:1,toggleEnabled
FNDA:11,(anonymous_7)
FNDA:12,(anonymous_8)
FNDA:12,(anonymous_9)
FNDA:11,(anonymous_10)
FNDA:22,(anonymous_11)
FNDA:0,(anonymous_12)
FNDA:0,(anonymous_13)
FNDA:11,(anonymous_14)
FNDA:11,(anonymous_15)
FNDA:1,(anonymous_16)
FNDA:0,(anonymous_17)
FNDA:24,(anonymous_18)
FNDA:0,(anonymous_19)
DA:11,12
DA:12,12
DA:13,12
DA:14,12
DA:16,12
DA:17,12
DA:18,12
DA:20,12
DA:22,12
DA:25,12
DA:29,12
DA:30,12
DA:31,11
DA:35,1
DA:36,1
DA:40,2
DA:41,1
DA:42,1
DA:43,1
DA:48,1
DA:49,1
DA:50,1
DA:53,12
DA:55,12
DA:56,12
DA:57,12
DA:60,12
DA:61,12
DA:62,12
DA:74,1
DA:76,12
DA:77,11
DA:80,22
DA:81,0
DA:82,0
DA:87,36
DA:88,1
DA:90,11
DA:91,1
DA:93,1
DA:99,11
DA:100,1
DA:107,1
DA:109,1
DA:112,1
DA:113,1
DA:119,1
DA:122,0
DA:128,1
DA:130,1
DA:131,1
DA:137,1
DA:139,24
DA:149,1
DA:153,1
DA:157,1
DA:161,1
DA:167,1
DA:176,1
DA:187,1
DA:189,1
DA:190,1
DA:205,1
DA:206,1
DA:217,1
DA:219,1
DA:221,1
DA:222,1
DA:238,1
DA:240,1
DA:241,1
DA:242,0
LF:72
LH:68
BRDA:23,0,0,12
BRDA:23,0,1,0
BRDA:40,1,0,1
BRDA:40,1,1,1
BRDA:42,2,0,1
BRDA:42,2,1,0
BRDA:48,3,0,0
BRDA:48,3,1,1
BRDA:56,4,0,0
BRDA:56,4,1,12
BRDA:61,5,0,0
BRDA:61,5,1,12
BRDA:81,6,0,0
BRDA:81,6,1,0
BRDA:82,7,0,0
BRDA:82,7,1,0
BRDA:87,8,0,24
BRDA:87,8,1,12
BRDA:90,9,0,11
BRDA:90,9,1,11
BRDA:91,10,0,24
BRDA:91,10,1,0
BRDA:94,11,0,23
BRDA:94,11,1,1
BRDA:95,12,0,23
BRDA:95,12,1,1
BRDA:99,13,0,11
BRDA:99,13,1,11
BRDA:100,14,0,24
BRDA:100,14,1,11
BRDA:108,15,0,24
BRDA:108,15,1,11
BRDA:111,16,0,24
BRDA:111,16,1,11
BRDA:118,17,0,24
BRDA:118,17,1,11
BRDA:120,18,0,0
BRDA:120,18,1,24
BRDA:122,19,0,24
BRDA:122,19,1,11
BRDA:123,20,0,0
BRDA:123,20,1,24
BRDA:129,21,0,24
BRDA:129,21,1,11
BRDA:136,22,0,24
BRDA:136,22,1,11
BRDA:138,23,0,0
BRDA:138,23,1,24
BRDA:148,24,0,24
BRDA:148,24,1,11
BRDA:152,25,0,24
BRDA:152,25,1,11
BRDA:156,26,0,24
BRDA:156,26,1,11
BRDA:160,27,0,24
BRDA:160,27,1,11
BRDA:162,28,0,22
BRDA:162,28,1,2
BRDA:166,29,0,24
BRDA:166,29,1,11
BRDA:169,30,0,24
BRDA:169,30,1,0
BRDA:171,31,0,24
BRDA:171,31,1,0
BRDA:175,32,0,24
BRDA:175,32,1,11
BRDA:178,33,0,0
BRDA:178,33,1,24
BRDA:180,34,0,0
BRDA:180,34,1,24
BRDA:188,35,0,24
BRDA:188,35,1,11
BRDA:199,36,0,24
BRDA:199,36,1,11
BRDA:200,37,0,24
BRDA:200,37,1,11
BRDA:218,38,0,24
BRDA:218,38,1,11
BRDA:220,39,0,24
BRDA:220,39,1,11
BRDA:224,40,0,24
BRDA:224,40,1,11
BRDA:227,41,0,0
BRDA:227,41,1,24
BRDA:233,42,0,0
BRDA:237,43,0,1
BRDA:239,44,0,1
BRDA:239,44,1,1
BRDA:240,45,0,1
BRDA:240,45,1,1
BRDA:240,46,0,1
BRDA:240,46,1,0
BRDA:240,47,0,1
BRDA:240,47,1,1
BRDA:242,48,0,1
BRDA:242,48,1,1
BRF:96
BRH:76
end_of_record
TN:
SF:src/views/ApiKeyFormView.vue
FN:10,(anonymous_0)
FN:11,(anonymous_1)
FN:28,(anonymous_2)
FN:44,handleSubmit
FN:65,(anonymous_4)
FN:83,(anonymous_5)
FN:96,(anonymous_6)
FN:107,(anonymous_7)
FN:124,(anonymous_8)
FN:136,(anonymous_9)
FN:149,(anonymous_10)
FN:161,(anonymous_11)
FN:173,(anonymous_12)
FN:186,(anonymous_13)
FNF:14
FNH:9
FNDA:8,(anonymous_0)
FNDA:2,(anonymous_1)
FNDA:8,(anonymous_2)
FNDA:5,handleSubmit
FNDA:8,(anonymous_4)
FNDA:3,(anonymous_5)
FNDA:4,(anonymous_6)
FNDA:0,(anonymous_7)
FNDA:0,(anonymous_8)
FNDA:0,(anonymous_9)
FNDA:0,(anonymous_10)
FNDA:1,(anonymous_11)
FNDA:1,(anonymous_12)
FNDA:0,(anonymous_13)
DA:6,8
DA:7,8
DA:8,8
DA:10,8
DA:11,8
DA:13,8
DA:24,8
DA:25,8
DA:26,8
DA:28,8
DA:29,8
DA:30,2
DA:31,2
DA:45,5
DA:46,5
DA:47,5
DA:48,5
DA:49,1
DA:50,1
DA:52,4
DA:53,3
DA:56,1
DA:58,5
DA:64,26
DA:65,8
DA:66,1
DA:73,1
DA:76,1
DA:80,1
DA:85,3
DA:96,4
DA:107,0
DA:119,1
DA:124,0
DA:136,0
DA:149,0
DA:161,1
DA:170,1
DA:173,1
DA:183,1
DA:186,0
LF:41
LH:36
BRDA:29,0,0,2
BRDA:29,0,1,6
BRDA:48,1,0,1
BRDA:48,1,1,4
BRDA:53,2,0,3
BRDA:53,2,1,0
BRDA:65,3,0,8
BRDA:65,3,1,8
BRDA:67,4,0,7
BRDA:67,4,1,19
BRDA:71,5,0,3
BRDA:71,5,1,23
BRDA:72,6,0,3
BRDA:72,6,1,3
BRDA:75,7,0,3
BRDA:75,7,1,3
BRDA:79,8,0,3
BRDA:79,8,1,3
BRDA:85,9,0,3
BRDA:85,9,1,3
BRDA:90,10,0,1
BRDA:90,10,1,22
BRDA:93,11,0,23
BRDA:93,11,1,8
BRDA:96,12,0,23
BRDA:96,12,1,8
BRDA:104,13,0,23
BRDA:104,13,1,8
BRDA:107,14,0,23
BRDA:107,14,1,8
BRDA:112,15,0,23
BRDA:112,15,1,8
BRDA:121,16,0,23
BRDA:121,16,1,8
BRDA:124,17,0,23
BRDA:124,17,1,8
BRDA:130,18,0,23
BRDA:130,18,1,8
BRDA:133,19,0,23
BRDA:133,19,1,8
BRDA:136,20,0,23
BRDA:136,20,1,8
BRDA:146,21,0,23
BRDA:146,21,1,8
BRDA:149,22,0,23
BRDA:149,22,1,8
BRDA:152,23,0,23
BRDA:152,23,1,8
BRDA:158,24,0,23
BRDA:158,24,1,8
BRDA:161,25,0,23
BRDA:161,25,1,8
BRDA:167,26,0,23
BRDA:167,26,1,8
BRDA:173,27,0,23
BRDA:173,27,1,8
BRDA:177,28,0,23
BRDA:177,28,1,8
BRDA:186,29,0,23
BRDA:186,29,1,8
BRDA:190,30,0,23
BRDA:190,30,1,8
BRDA:201,31,0,5
BRDA:201,31,1,18
BRDA:201,32,0,6
BRDA:201,32,1,12
BRF:66
BRH:65
end_of_record
TN:
SF:src/views/ApiKeysView.vue
FN:19,getKeyStat
FN:24,getLastUsed
FN:29,formatLastUsed
FN:35,toggleSort
FN:47,(anonymous_4)
FN:50,(anonymous_5)
FN:57,(anonymous_6)
FN:61,(anonymous_7)
FN:83,(anonymous_8)
FN:87,(anonymous_9)
FN:89,(anonymous_10)
FN:94,(anonymous_11)
FN:95,(anonymous_12)
FN:98,(anonymous_13)
FN:100,(anonymous_14)
FN:104,goToPage
FN:108,(anonymous_16)
FN:121,(anonymous_17)
FN:130,(anonymous_18)
FN:141,(anonymous_19)
FN:151,(anonymous_20)
FN:163,(anonymous_21)
FN:174,(anonymous_22)
FN:181,(anonymous_23)
FN:188,(anonymous_24)
FN:195,(anonymous_25)
FN:202,(anonymous_26)
FN:209,(anonymous_27)
FN:216,(anonymous_28)
FN:225,(anonymous_29)
FN:255,(anonymous_30)
FN:258,(anonymous_31)
FN:277,(anonymous_32)
FN:280,(anonymous_33)
FN:290,(anonymous_34)
FN:300,(anonymous_35)
FNF:36
FNH:35
FNDA:2229,getKeyStat
FNDA:733,getLastUsed
FNDA:733,formatLastUsed
FNDA:8,toggleSort
FNDA:45,(anonymous_4)
FNDA:141,(anonymous_5)
FNDA:53,(anonymous_6)
FNDA:845,(anonymous_7)
FNDA:53,(anonymous_8)
FNDA:47,(anonymous_9)
FNDA:62,(anonymous_10)
FNDA:62,(anonymous_11)
FNDA:62,(anonymous_12)
FNDA:34,(anonymous_13)
FNDA:13,(anonymous_14)
FNDA:9,goToPage
FNDA:35,(anonymous_16)
FNDA:35,(anonymous_17)
FNDA:36,(anonymous_18)
FNDA:9,(anonymous_19)
FNDA:1,(anonymous_20)
FNDA:1,(anonymous_21)
FNDA:2,(anonymous_22)
FNDA:1,(anonymous_23)
FNDA:1,(anonymous_24)
FNDA:1,(anonymous_25)
FNDA:2,(anonymous_26)
FNDA:1,(anonymous_27)
FNDA:0,(anonymous_28)
FNDA:733,(anonymous_29)
FNDA:634,(anonymous_30)
FNDA:634,(anonymous_31)
FNDA:2,(anonymous_32)
FNDA:75,(anonymous_33)
FNDA:1,(anonymous_34)
FNDA:8,(anonymous_35)
DA:7,35
DA:8,35
DA:11,35
DA:12,35
DA:14,35
DA:15,35
DA:16,35
DA:17,35
DA:20,2229
DA:21,2229
DA:25,733
DA:26,733
DA:30,733
DA:31,733
DA:32,0
DA:36,8
DA:37,3
DA:39,5
DA:40,5
DA:42,8
DA:47,35
DA:48,45
DA:49,45
DA:50,141
DA:57,35
DA:58,53
DA:59,53
DA:61,53
DA:62,845
DA:64,825
DA:66,2
DA:68,3
DA:70,4
DA:72,7
DA:74,4
DA:76,0
DA:78,0
DA:83,53
DA:87,47
DA:89,35
DA:90,62
DA:91,62
DA:94,62
DA:95,62
DA:98,35
DA:100,35
DA:101,13
DA:105,9
DA:108,35
DA:109,35
DA:110,35
DA:115,139
DA:116,1
DA:123,35
DA:132,36
DA:136,1
DA:138,1
DA:141,9
DA:151,1
DA:162,1
DA:163,1
DA:169,1
DA:170,1
DA:174,2
DA:181,1
DA:188,1
DA:195,1
DA:202,2
DA:209,1
DA:216,0
DA:224,1
DA:225,733
DA:226,1
DA:227,1
DA:228,1
DA:229,1
DA:233,1
DA:234,1
DA:242,1
DA:245,1
DA:248,1
DA:251,1
DA:254,1
DA:257,634
DA:260,634
DA:266,1
DA:272,1
DA:277,2
DA:280,75
DA:290,1
DA:294,1
DA:300,8
LF:92
LH:88
BRDA:21,0,0,102
BRDA:21,0,1,2127
BRDA:26,1,0,24
BRDA:26,1,1,709
BRDA:31,2,0,733
BRDA:31,2,1,0
BRDA:36,3,0,3
BRDA:36,3,1,5
BRDA:37,4,0,3
BRDA:37,4,1,0
BRDA:49,5,0,36
BRDA:49,5,1,9
BRDA:50,6,0,141
BRDA:50,6,1,68
BRDA:50,6,2,67
BRDA:53,7,0,67
BRDA:53,7,1,0
BRDA:59,8,0,50
BRDA:59,8,1,3
BRDA:62,9,0,825
BRDA:62,9,1,2
BRDA:62,9,2,3
BRDA:62,9,3,4
BRDA:62,9,4,7
BRDA:62,9,5,4
BRDA:62,9,6,0
BRDA:62,9,7,0
BRDA:64,10,0,825
BRDA:64,10,1,0
BRDA:64,11,0,825
BRDA:64,11,1,0
BRDA:66,12,0,2
BRDA:66,12,1,1
BRDA:66,13,0,2
BRDA:66,13,1,0
BRDA:76,14,0,0
BRDA:76,14,1,0
BRDA:76,15,0,0
BRDA:76,15,1,0
BRDA:94,16,0,62
BRDA:94,16,1,0
BRDA:117,17,0,139
BRDA:117,17,1,35
BRDA:123,18,0,35
BRDA:123,18,1,35
BRDA:126,19,0,35
BRDA:126,19,1,104
BRDA:128,20,0,36
BRDA:128,20,1,68
BRDA:129,21,0,36
BRDA:129,21,1,34
BRDA:132,22,0,36
BRDA:132,22,1,34
BRDA:137,23,0,68
BRDA:137,23,1,33
BRDA:141,24,0,68
BRDA:141,24,1,33
BRDA:147,25,0,9
BRDA:147,25,1,59
BRDA:151,26,0,9
BRDA:151,26,1,9
BRDA:159,27,0,2
BRDA:159,27,1,66
BRDA:163,28,0,2
BRDA:163,28,1,2
BRDA:174,29,0,66
BRDA:174,29,1,33
BRDA:175,30,0,66
BRDA:175,30,1,33
BRDA:177,31,0,60
BRDA:177,31,1,6
BRDA:177,32,0,57
BRDA:177,32,1,3
BRDA:181,33,0,66
BRDA:181,33,1,33
BRDA:182,34,0,66
BRDA:182,34,1,33
BRDA:184,35,0,1
BRDA:184,35,1,65
BRDA:184,36,0,1
BRDA:184,36,1,0
BRDA:188,37,0,66
BRDA:188,37,1,33
BRDA:189,38,0,66
BRDA:189,38,1,33
BRDA:191,39,0,1
BRDA:191,39,1,65
BRDA:191,40,0,1
BRDA:191,40,1,0
BRDA:195,41,0,66
BRDA:195,41,1,33
BRDA:196,42,0,66
BRDA:196,42,1,33
BRDA:198,43,0,1
BRDA:198,43,1,65
BRDA:198,44,0,1
BRDA:198,44,1,0
BRDA:202,45,0,66
BRDA:202,45,1,33
BRDA:203,46,0,66
BRDA:203,46,1,33
BRDA:205,47,0,2
BRDA:205,47,1,64
BRDA:205,48,0,1
BRDA:205,48,1,1
BRDA:209,49,0,66
BRDA:209,49,1,33
BRDA:210,50,0,66
BRDA:210,50,1,33
BRDA:212,51,0,1
BRDA:212,51,1,65
BRDA:212,52,0,1
BRDA:212,52,1,0
BRDA:216,53,0,66
BRDA:216,53,1,33
BRDA:217,54,0,66
BRDA:217,54,1,33
BRDA:219,55,0,0
BRDA:219,55,1,66
BRDA:219,56,0,0
BRDA:219,56,1,0
BRDA:221,57,0,66
BRDA:221,57,1,33
BRDA:227,58,0,733
BRDA:227,58,1,0
BRDA:233,59,0,733
BRDA:233,59,1,37
BRDA:236,60,0,694
BRDA:236,60,1,39
BRDA:239,61,0,694
BRDA:239,61,1,39
BRDA:257,62,0,634
BRDA:257,62,1,33
BRDA:260,63,0,634
BRDA:260,63,1,33
BRDA:269,64,0,7
BRDA:269,64,1,59
BRDA:273,65,0,25
BRDA:273,65,1,41
BRDA:274,66,0,25
BRDA:274,66,1,10
BRDA:277,67,0,25
BRDA:277,67,1,10
BRDA:284,68,0,23
BRDA:290,69,0,23
BRDA:290,69,1,10
BRDA:300,70,0,23
BRDA:300,70,1,10
BRF:148
BRH:127
end_of_record
TN:
SF:src/views/LoginView.vue
FN:27,(anonymous_0)
FN:40,(anonymous_1)
FN:42,onAltchaStateChange
FN:53,(anonymous_3)
FN:58,handleLogin
FN:93,(anonymous_5)
FN:104,(anonymous_6)
FNF:7
FNH:5
FNDA:7,(anonymous_0)
FNDA:0,(anonymous_1)
FNDA:0,onAltchaStateChange
FNDA:9,(anonymous_3)
FNDA:2,handleLogin
FNDA:2,(anonymous_5)
FNDA:2,(anonymous_6)
DA:9,7
DA:10,7
DA:12,7
DA:13,7
DA:14,7
DA:15,7
DA:17,7
DA:18,7
DA:19,7
DA:20,7
DA:25,7
DA:27,7
DA:28,7
DA:29,7
DA:30,7
DA:31,6
DA:32,6
DA:33,2
DA:36,1
DA:40,7
DA:43,0
DA:44,0
DA:45,0
DA:46,0
DA:48,0
DA:49,0
DA:53,7
DA:54,9
DA:55,7
DA:59,2
DA:60,2
DA:61,2
DA:62,2
DA:68,1
DA:70,1
DA:72,2
DA:78,17
DA:79,1
DA:80,1
DA:93,2
DA:104,2
LF:41
LH:35
BRDA:32,0,0,2
BRDA:32,0,1,4
BRDA:44,1,0,0
BRDA:44,1,1,0
BRDA:45,2,0,0
BRDA:45,2,1,0
BRDA:54,3,0,2
BRDA:54,3,1,7
BRDA:54,4,0,9
BRDA:54,4,1,2
BRDA:65,5,0,2
BRDA:65,5,1,2
BRDA:81,6,0,17
BRDA:81,6,1,7
BRDA:82,7,0,17
BRDA:82,7,1,7
BRDA:85,8,0,1
BRDA:85,8,1,16
BRDA:90,9,0,17
BRDA:90,9,1,7
BRDA:93,10,0,17
BRDA:93,10,1,7
BRDA:101,11,0,17
BRDA:101,11,1,7
BRDA:104,12,0,17
BRDA:104,12,1,7
BRDA:111,13,0,2
BRDA:111,14,0,17
BRDA:111,14,1,2
BRDA:121,15,0,17
BRDA:121,15,1,15
BRDA:124,16,0,2
BRDA:124,16,1,15
BRF:33
BRH:29
end_of_record
TN:
SF:src/views/SettingsView.vue
FN:14,handleSubmit
FN:47,(anonymous_1)
FN:51,toggleCaptcha
FN:77,(anonymous_3)
FN:88,(anonymous_4)
FN:99,(anonymous_5)
FNF:6
FNH:6
FNDA:4,handleSubmit
FNDA:8,(anonymous_1)
FNDA:2,toggleCaptcha
FNDA:4,(anonymous_3)
FNDA:4,(anonymous_4)
FNDA:4,(anonymous_5)
DA:7,8
DA:8,8
DA:9,8
DA:10,8
DA:11,8
DA:12,8
DA:15,4
DA:16,4
DA:18,4
DA:19,1
DA:20,1
DA:22,3
DA:23,1
DA:24,1
DA:27,2
DA:28,2
DA:29,2
DA:33,1
DA:34,1
DA:35,1
DA:36,1
DA:38,1
DA:40,2
DA:44,8
DA:45,8
DA:47,8
DA:48,8
DA:52,2
DA:53,2
DA:54,2
DA:55,2
DA:57,1
DA:58,1
DA:64,40
DA:77,4
DA:88,4
DA:99,4
DA:115,1
DA:132,1
LF:39
LH:39
BRDA:18,0,0,1
BRDA:18,0,1,3
BRDA:22,1,0,1
BRDA:22,1,1,2
BRDA:65,2,0,40
BRDA:65,2,1,8
BRDA:68,3,0,40
BRDA:68,3,1,8
BRDA:70,4,0,3
BRDA:70,4,1,37
BRDA:71,5,0,1
BRDA:71,5,1,39
BRDA:74,6,0,40
BRDA:74,6,1,8
BRDA:77,7,0,40
BRDA:77,7,1,8
BRDA:85,8,0,40
BRDA:85,8,1,8
BRDA:88,9,0,40
BRDA:88,9,1,8
BRDA:96,10,0,40
BRDA:96,10,1,8
BRDA:99,11,0,40
BRDA:99,11,1,8
BRDA:111,12,0,2
BRDA:111,12,1,38
BRDA:116,13,0,40
BRDA:116,13,1,8
BRDA:118,14,0,2
BRDA:118,14,1,38
BRDA:126,15,0,40
BRDA:126,15,1,8
BRDA:141,16,0,40
BRDA:141,16,1,8
BRF:34
BRH:34
end_of_record
